SF:lib/src/core/formaestro.dart
DA:12,4
DA:23,12
DA:27,3
DA:28,6
DA:29,0
DA:34,2
DA:35,10
DA:39,3
DA:40,9
DA:41,0
DA:42,0
DA:43,0
DA:44,0
DA:46,0
DA:48,3
DA:51,3
DA:54,9
DA:55,3
DA:59,8
DA:60,4
DA:63,3
DA:64,1
DA:65,1
DA:66,3
DA:75,1
DA:76,3
DA:77,1
DA:85,4
DA:86,4
DA:87,6
DA:88,6
DA:89,8
LF:32
LH:26
end_of_record
SF:lib/src/core/field_x.dart
DA:16,5
DA:29,3
DA:32,3
DA:49,4
DA:52,3
DA:53,6
DA:54,3
DA:55,3
DA:56,9
DA:60,2
DA:61,2
DA:62,6
DA:66,4
DA:68,7
DA:69,6
DA:71,1
DA:72,3
DA:77,5
DA:78,2
DA:80,1
DA:81,3
DA:85,4
DA:86,8
DA:91,2
DA:92,4
DA:93,4
LF:26
LH:26
end_of_record
SF:lib/src/core/rule.dart
DA:14,2
DA:15,4
DA:19,0
DA:26,6
LF:4
LH:3
end_of_record
SF:lib/src/validation/validators.dart
DA:4,2
DA:5,6
DA:9,0
DA:11,0
DA:15,2
DA:17,2
DA:18,4
LF:7
LH:5
end_of_record
